<?xml version="1.0" encoding="UTF-8"?>
<testng-results ignored="0" total="1" passed="1" failed="0" skipped="0">
  <reporter-output>
  </reporter-output>
  <suite started-at="2022-11-23T21:24:24 IST" name="Suite" finished-at="2022-11-23T21:24:56 IST" duration-ms="31283">
    <groups>
    </groups>
    <test started-at="2022-11-23T21:24:24 IST" name="Test" finished-at="2022-11-23T21:24:56 IST" duration-ms="31283">
      <class name="com.Testpackage.Tc01_Verifyinghomepage">
        <test-method is-config="true" signature="setup()[pri:0, instance:com.Testpackage.Tc01_Verifyinghomepage@2a54a73f]" started-at="2022-11-23T21:24:24 IST" name="setup" finished-at="2022-11-23T21:24:34 IST" duration-ms="9502" status="PASS">
          <reporter-output>
          </reporter-output>
        </test-method> <!-- setup -->
        <test-method signature="verifyhomepage()[pri:0, instance:com.Testpackage.Tc01_Verifyinghomepage@2a54a73f]" started-at="2022-11-23T21:24:34 IST" name="verifyhomepage" finished-at="2022-11-23T21:24:55 IST" duration-ms="21382" status="PASS">
          <reporter-output>
          </reporter-output>
        </test-method> <!-- verifyhomepage -->
        <test-method is-config="true" signature="tearDown()[pri:0, instance:com.Testpackage.Tc01_Verifyinghomepage@2a54a73f]" started-at="2022-11-23T21:24:55 IST" name="tearDown" finished-at="2022-11-23T21:24:56 IST" duration-ms="327" status="PASS">
          <reporter-output>
          </reporter-output>
        </test-method> <!-- tearDown -->
      </class> <!-- com.Testpackage.Tc01_Verifyinghomepage -->
    </test> <!-- Test -->
  </suite> <!-- Suite -->
</testng-results>
